<?xml version="1.0" encoding="UTF-8"?>
<!-- Generated by org.testng.reporters.JUnitReportReporter -->
<testsuite hostname="dell" failures="0" tests="1" name="TestCases.TC_Dynamic" time="6.857" errors="0" timestamp="18 Oct 2024 14:41:10 GMT">
  <testcase classname="TestCases.TC_Dynamic" name="loginTest" time="6.857"/>
</testsuite> <!-- TestCases.TC_Dynamic -->
