<?xml version="1.0" encoding="UTF-8"?>
<!-- Generated by org.testng.reporters.JUnitReportReporter -->
<testsuite hostname="dell" failures="0" tests="1" name="TestCases.TC_Dashboard" time="20.249" errors="0" timestamp="15 Oct 2024 15:33:58 GMT">
  <testcase classname="TestCases.TC_Dashboard" name="dashboard" time="20.249"/>
</testsuite> <!-- TestCases.TC_Dashboard -->
