<?xml version="1.0" encoding="UTF-8"?>
<!-- Generated by org.testng.reporters.JUnitReportReporter -->
<testsuite hostname="dell" failures="0" tests="1" name="TestCases.TC_AddEmployee" time="8.539" errors="0" timestamp="16 Oct 2024 15:08:01 GMT">
  <testcase classname="TestCases.TC_AddEmployee" name="addEmployeesDetails" time="8.539"/>
</testsuite> <!-- TestCases.TC_AddEmployee -->
