<?xml version="1.0" encoding="UTF-8"?>
<!-- Generated by org.testng.reporters.JUnitReportReporter -->
<testsuite hostname="dell" failures="0" tests="1" name="TestCases.TC_Login" time="2.770" errors="0" timestamp="17 Oct 2024 14:46:27 GMT">
  <testcase classname="TestCases.TC_Login" name="login" time="2.770"/>
</testsuite> <!-- TestCases.TC_Login -->
